<?xml version="1.0" encoding="UTF-8"?>
<!-- Generated by org.testng.reporters.JUnitReportReporter -->
<testsuite hostname="DESKTOP-RT4D28D" failures="0" tests="2" name="extent_reports_tests.ExtentReportTest" time="0.470" errors="0" timestamp="23 Nov 2020 13:44:52 GMT" skipped="0">
  <testcase classname="extent_reports_tests.ExtentReportTest" name="extentReportFailTest" time="0.189"/>
  <testcase classname="extent_reports_tests.ExtentReportTest" name="extentReportPassTest" time="0.281"/>
</testsuite> <!-- extent_reports_tests.ExtentReportTest -->
